0 silly argv {
0 silly argv   _: [ 'version' ],
0 silly argv   lernaVersion: '8.0.2',
0 silly argv   '$0': 'node_modules/lerna/dist/cli.js'
0 silly argv }
1 notice cli v8.0.2
2 verbose packageConfigs Explicit "packages" configuration found in lerna.json. Resolving packages using the configured glob(s): ["packages/telegram"]
3 verbose rootPath /home/unknown/Desktop/projects/bot-plugins
4 info current version 0.1.1-alpha
5 silly isAnythingCommitted
6 verbose isAnythingCommitted 1
7 silly getCurrentBranch
8 verbose currentBranch feature/telegram
9 silly remoteBranchExists
10 silly isBehindUpstream
11 error Error: Command failed with exit code 1: git remote update
11 error git@github.com: Permission denied (publickey).
11 error fatal: Could not read from remote repository.
11 error
11 error Please make sure you have the correct access rights
11 error and the repository exists.
11 error     at makeError (/home/unknown/Desktop/projects/bot-plugins/node_modules/.pnpm/execa@5.0.0/node_modules/execa/lib/error.js:59:11)
11 error     at module.exports.sync (/home/unknown/Desktop/projects/bot-plugins/node_modules/.pnpm/execa@5.0.0/node_modules/execa/index.js:186:17)
11 error     at Object.execSync (/home/unknown/Desktop/projects/bot-plugins/node_modules/.pnpm/lerna@8.0.2/node_modules/lerna/dist/index.js:142:31)
11 error     at updateRemote (/home/unknown/Desktop/projects/bot-plugins/node_modules/.pnpm/lerna@8.0.2/node_modules/lerna/dist/index.js:7769:18)
11 error     at isBehindUpstream (/home/unknown/Desktop/projects/bot-plugins/node_modules/.pnpm/lerna@8.0.2/node_modules/lerna/dist/index.js:7759:3)
11 error     at VersionCommand.initialize (/home/unknown/Desktop/projects/bot-plugins/node_modules/.pnpm/lerna@8.0.2/node_modules/lerna/dist/index.js:8050:57)
